{"$message_type":"diagnostic","message":"cannot find type `ConvBlock` in this scope","code":{"code":"E0412","explanation":"A used type name is not in scope.\n\nErroneous code examples:\n\n```compile_fail,E0412\nimpl Something {} // error: type name `Something` is not in scope\n\n// or:\n\ntrait Foo {\n    fn bar(N); // error: type name `N` is not in scope\n}\n\n// or:\n\nfn foo(x: T) {} // type name `T` is not in scope\n```\n\nTo fix this error, please verify you didn't misspell the type name, you did\ndeclare it or imported it into the scope. Examples:\n\n```\nstruct Something;\n\nimpl Something {} // ok!\n\n// or:\n\ntrait Foo {\n    type N;\n\n    fn bar(_: Self::N); // ok!\n}\n\n// or:\n\nfn foo<T>(x: T) {} // ok!\n```\n\nAnother case that causes this error is when a type is imported into a parent\nmodule. To fix this, you can follow the suggestion and use File directly or\n`use super::File;` which will import the types from the parent namespace. An\nexample that causes this error is below:\n\n```compile_fail,E0412\nuse std::fs::File;\n\nmod foo {\n    fn some_function(f: File) {}\n}\n```\n\n```\nuse std::fs::File;\n\nmod foo {\n    // either\n    use super::File;\n    // or\n    // use std::fs::File;\n    fn foo(f: File) {}\n}\n# fn main() {} // don't insert it for us; that'll break imports\n```\n"},"level":"error","spans":[{"file_name":"src/model.rs","byte_start":738,"byte_end":747,"line_start":24,"line_end":24,"column_start":10,"column_end":19,"is_primary":true,"text":[{"text":"    cv1: ConvBlock,","highlight_start":10,"highlight_end":19}],"label":"not found in this scope","suggested_replacement":null,"suggestion_applicability":null,"expansion":null}],"children":[],"rendered":"\u001b[0m\u001b[1m\u001b[38;5;9merror[E0412]\u001b[0m\u001b[0m\u001b[1m: cannot find type `ConvBlock` in this scope\u001b[0m\n\u001b[0m  \u001b[0m\u001b[0m\u001b[1m\u001b[38;5;12m--> \u001b[0m\u001b[0msrc/model.rs:24:10\u001b[0m\n\u001b[0m   \u001b[0m\u001b[0m\u001b[1m\u001b[38;5;12m|\u001b[0m\n\u001b[0m\u001b[1m\u001b[38;5;12m24\u001b[0m\u001b[0m \u001b[0m\u001b[0m\u001b[1m\u001b[38;5;12m|\u001b[0m\u001b[0m \u001b[0m\u001b[0m    cv1: ConvBlock,\u001b[0m\n\u001b[0m   \u001b[0m\u001b[0m\u001b[1m\u001b[38;5;12m| \u001b[0m\u001b[0m         \u001b[0m\u001b[0m\u001b[1m\u001b[38;5;9m^^^^^^^^^\u001b[0m\u001b[0m \u001b[0m\u001b[0m\u001b[1m\u001b[38;5;9mnot found in this scope\u001b[0m\n\n"}
{"$message_type":"diagnostic","message":"cannot find type `ConvBlock` in this scope","code":{"code":"E0412","explanation":"A used type name is not in scope.\n\nErroneous code examples:\n\n```compile_fail,E0412\nimpl Something {} // error: type name `Something` is not in scope\n\n// or:\n\ntrait Foo {\n    fn bar(N); // error: type name `N` is not in scope\n}\n\n// or:\n\nfn foo(x: T) {} // type name `T` is not in scope\n```\n\nTo fix this error, please verify you didn't misspell the type name, you did\ndeclare it or imported it into the scope. Examples:\n\n```\nstruct Something;\n\nimpl Something {} // ok!\n\n// or:\n\ntrait Foo {\n    type N;\n\n    fn bar(_: Self::N); // ok!\n}\n\n// or:\n\nfn foo<T>(x: T) {} // ok!\n```\n\nAnother case that causes this error is when a type is imported into a parent\nmodule. To fix this, you can follow the suggestion and use File directly or\n`use super::File;` which will import the types from the parent namespace. An\nexample that causes this error is below:\n\n```compile_fail,E0412\nuse std::fs::File;\n\nmod foo {\n    fn some_function(f: File) {}\n}\n```\n\n```\nuse std::fs::File;\n\nmod foo {\n    // either\n    use super::File;\n    // or\n    // use std::fs::File;\n    fn foo(f: File) {}\n}\n# fn main() {} // don't insert it for us; that'll break imports\n```\n"},"level":"error","spans":[{"file_name":"src/model.rs","byte_start":758,"byte_end":767,"line_start":25,"line_end":25,"column_start":10,"column_end":19,"is_primary":true,"text":[{"text":"    cv2: ConvBlock,","highlight_start":10,"highlight_end":19}],"label":"not found in this scope","suggested_replacement":null,"suggestion_applicability":null,"expansion":null}],"children":[],"rendered":"\u001b[0m\u001b[1m\u001b[38;5;9merror[E0412]\u001b[0m\u001b[0m\u001b[1m: cannot find type `ConvBlock` in this scope\u001b[0m\n\u001b[0m  \u001b[0m\u001b[0m\u001b[1m\u001b[38;5;12m--> \u001b[0m\u001b[0msrc/model.rs:25:10\u001b[0m\n\u001b[0m   \u001b[0m\u001b[0m\u001b[1m\u001b[38;5;12m|\u001b[0m\n\u001b[0m\u001b[1m\u001b[38;5;12m25\u001b[0m\u001b[0m \u001b[0m\u001b[0m\u001b[1m\u001b[38;5;12m|\u001b[0m\u001b[0m \u001b[0m\u001b[0m    cv2: ConvBlock,\u001b[0m\n\u001b[0m   \u001b[0m\u001b[0m\u001b[1m\u001b[38;5;12m| \u001b[0m\u001b[0m         \u001b[0m\u001b[0m\u001b[1m\u001b[38;5;9m^^^^^^^^^\u001b[0m\u001b[0m \u001b[0m\u001b[0m\u001b[1m\u001b[38;5;9mnot found in this scope\u001b[0m\n\n"}
{"$message_type":"diagnostic","message":"cannot find type `ConvBlock` in this scope","code":{"code":"E0412","explanation":"A used type name is not in scope.\n\nErroneous code examples:\n\n```compile_fail,E0412\nimpl Something {} // error: type name `Something` is not in scope\n\n// or:\n\ntrait Foo {\n    fn bar(N); // error: type name `N` is not in scope\n}\n\n// or:\n\nfn foo(x: T) {} // type name `T` is not in scope\n```\n\nTo fix this error, please verify you didn't misspell the type name, you did\ndeclare it or imported it into the scope. Examples:\n\n```\nstruct Something;\n\nimpl Something {} // ok!\n\n// or:\n\ntrait Foo {\n    type N;\n\n    fn bar(_: Self::N); // ok!\n}\n\n// or:\n\nfn foo<T>(x: T) {} // ok!\n```\n\nAnother case that causes this error is when a type is imported into a parent\nmodule. To fix this, you can follow the suggestion and use File directly or\n`use super::File;` which will import the types from the parent namespace. An\nexample that causes this error is below:\n\n```compile_fail,E0412\nuse std::fs::File;\n\nmod foo {\n    fn some_function(f: File) {}\n}\n```\n\n```\nuse std::fs::File;\n\nmod foo {\n    // either\n    use super::File;\n    // or\n    // use std::fs::File;\n    fn foo(f: File) {}\n}\n# fn main() {} // don't insert it for us; that'll break imports\n```\n"},"level":"error","spans":[{"file_name":"src/model.rs","byte_start":828,"byte_end":837,"line_start":30,"line_end":30,"column_start":10,"column_end":19,"is_primary":true,"text":[{"text":"    cv1: ConvBlock,","highlight_start":10,"highlight_end":19}],"label":"not found in this scope","suggested_replacement":null,"suggestion_applicability":null,"expansion":null}],"children":[],"rendered":"\u001b[0m\u001b[1m\u001b[38;5;9merror[E0412]\u001b[0m\u001b[0m\u001b[1m: cannot find type `ConvBlock` in this scope\u001b[0m\n\u001b[0m  \u001b[0m\u001b[0m\u001b[1m\u001b[38;5;12m--> \u001b[0m\u001b[0msrc/model.rs:30:10\u001b[0m\n\u001b[0m   \u001b[0m\u001b[0m\u001b[1m\u001b[38;5;12m|\u001b[0m\n\u001b[0m\u001b[1m\u001b[38;5;12m30\u001b[0m\u001b[0m \u001b[0m\u001b[0m\u001b[1m\u001b[38;5;12m|\u001b[0m\u001b[0m \u001b[0m\u001b[0m    cv1: ConvBlock,\u001b[0m\n\u001b[0m   \u001b[0m\u001b[0m\u001b[1m\u001b[38;5;12m| \u001b[0m\u001b[0m         \u001b[0m\u001b[0m\u001b[1m\u001b[38;5;9m^^^^^^^^^\u001b[0m\u001b[0m \u001b[0m\u001b[0m\u001b[1m\u001b[38;5;9mnot found in this scope\u001b[0m\n\n"}
{"$message_type":"diagnostic","message":"cannot find type `ConvBlock` in this scope","code":{"code":"E0412","explanation":"A used type name is not in scope.\n\nErroneous code examples:\n\n```compile_fail,E0412\nimpl Something {} // error: type name `Something` is not in scope\n\n// or:\n\ntrait Foo {\n    fn bar(N); // error: type name `N` is not in scope\n}\n\n// or:\n\nfn foo(x: T) {} // type name `T` is not in scope\n```\n\nTo fix this error, please verify you didn't misspell the type name, you did\ndeclare it or imported it into the scope. Examples:\n\n```\nstruct Something;\n\nimpl Something {} // ok!\n\n// or:\n\ntrait Foo {\n    type N;\n\n    fn bar(_: Self::N); // ok!\n}\n\n// or:\n\nfn foo<T>(x: T) {} // ok!\n```\n\nAnother case that causes this error is when a type is imported into a parent\nmodule. To fix this, you can follow the suggestion and use File directly or\n`use super::File;` which will import the types from the parent namespace. An\nexample that causes this error is below:\n\n```compile_fail,E0412\nuse std::fs::File;\n\nmod foo {\n    fn some_function(f: File) {}\n}\n```\n\n```\nuse std::fs::File;\n\nmod foo {\n    // either\n    use super::File;\n    // or\n    // use std::fs::File;\n    fn foo(f: File) {}\n}\n# fn main() {} // don't insert it for us; that'll break imports\n```\n"},"level":"error","spans":[{"file_name":"src/model.rs","byte_start":848,"byte_end":857,"line_start":31,"line_end":31,"column_start":10,"column_end":19,"is_primary":true,"text":[{"text":"    cv2: ConvBlock,","highlight_start":10,"highlight_end":19}],"label":"not found in this scope","suggested_replacement":null,"suggestion_applicability":null,"expansion":null}],"children":[],"rendered":"\u001b[0m\u001b[1m\u001b[38;5;9merror[E0412]\u001b[0m\u001b[0m\u001b[1m: cannot find type `ConvBlock` in this scope\u001b[0m\n\u001b[0m  \u001b[0m\u001b[0m\u001b[1m\u001b[38;5;12m--> \u001b[0m\u001b[0msrc/model.rs:31:10\u001b[0m\n\u001b[0m   \u001b[0m\u001b[0m\u001b[1m\u001b[38;5;12m|\u001b[0m\n\u001b[0m\u001b[1m\u001b[38;5;12m31\u001b[0m\u001b[0m \u001b[0m\u001b[0m\u001b[1m\u001b[38;5;12m|\u001b[0m\u001b[0m \u001b[0m\u001b[0m    cv2: ConvBlock,\u001b[0m\n\u001b[0m   \u001b[0m\u001b[0m\u001b[1m\u001b[38;5;12m| \u001b[0m\u001b[0m         \u001b[0m\u001b[0m\u001b[1m\u001b[38;5;9m^^^^^^^^^\u001b[0m\u001b[0m \u001b[0m\u001b[0m\u001b[1m\u001b[38;5;9mnot found in this scope\u001b[0m\n\n"}
{"$message_type":"diagnostic","message":"cannot find type `ConvBlock` in this scope","code":{"code":"E0412","explanation":"A used type name is not in scope.\n\nErroneous code examples:\n\n```compile_fail,E0412\nimpl Something {} // error: type name `Something` is not in scope\n\n// or:\n\ntrait Foo {\n    fn bar(N); // error: type name `N` is not in scope\n}\n\n// or:\n\nfn foo(x: T) {} // type name `T` is not in scope\n```\n\nTo fix this error, please verify you didn't misspell the type name, you did\ndeclare it or imported it into the scope. Examples:\n\n```\nstruct Something;\n\nimpl Something {} // ok!\n\n// or:\n\ntrait Foo {\n    type N;\n\n    fn bar(_: Self::N); // ok!\n}\n\n// or:\n\nfn foo<T>(x: T) {} // ok!\n```\n\nAnother case that causes this error is when a type is imported into a parent\nmodule. To fix this, you can follow the suggestion and use File directly or\n`use super::File;` which will import the types from the parent namespace. An\nexample that causes this error is below:\n\n```compile_fail,E0412\nuse std::fs::File;\n\nmod foo {\n    fn some_function(f: File) {}\n}\n```\n\n```\nuse std::fs::File;\n\nmod foo {\n    // either\n    use super::File;\n    // or\n    // use std::fs::File;\n    fn foo(f: File) {}\n}\n# fn main() {} // don't insert it for us; that'll break imports\n```\n"},"level":"error","spans":[{"file_name":"src/model.rs","byte_start":961,"byte_end":970,"line_start":41,"line_end":41,"column_start":11,"column_end":20,"is_primary":true,"text":[{"text":"    b1_0: ConvBlock,","highlight_start":11,"highlight_end":20}],"label":"not found in this scope","suggested_replacement":null,"suggestion_applicability":null,"expansion":null}],"children":[],"rendered":"\u001b[0m\u001b[1m\u001b[38;5;9merror[E0412]\u001b[0m\u001b[0m\u001b[1m: cannot find type `ConvBlock` in this scope\u001b[0m\n\u001b[0m  \u001b[0m\u001b[0m\u001b[1m\u001b[38;5;12m--> \u001b[0m\u001b[0msrc/model.rs:41:11\u001b[0m\n\u001b[0m   \u001b[0m\u001b[0m\u001b[1m\u001b[38;5;12m|\u001b[0m\n\u001b[0m\u001b[1m\u001b[38;5;12m41\u001b[0m\u001b[0m \u001b[0m\u001b[0m\u001b[1m\u001b[38;5;12m|\u001b[0m\u001b[0m \u001b[0m\u001b[0m    b1_0: ConvBlock,\u001b[0m\n\u001b[0m   \u001b[0m\u001b[0m\u001b[1m\u001b[38;5;12m| \u001b[0m\u001b[0m          \u001b[0m\u001b[0m\u001b[1m\u001b[38;5;9m^^^^^^^^^\u001b[0m\u001b[0m \u001b[0m\u001b[0m\u001b[1m\u001b[38;5;9mnot found in this scope\u001b[0m\n\n"}
{"$message_type":"diagnostic","message":"cannot find type `ConvBlock` in this scope","code":{"code":"E0412","explanation":"A used type name is not in scope.\n\nErroneous code examples:\n\n```compile_fail,E0412\nimpl Something {} // error: type name `Something` is not in scope\n\n// or:\n\ntrait Foo {\n    fn bar(N); // error: type name `N` is not in scope\n}\n\n// or:\n\nfn foo(x: T) {} // type name `T` is not in scope\n```\n\nTo fix this error, please verify you didn't misspell the type name, you did\ndeclare it or imported it into the scope. Examples:\n\n```\nstruct Something;\n\nimpl Something {} // ok!\n\n// or:\n\ntrait Foo {\n    type N;\n\n    fn bar(_: Self::N); // ok!\n}\n\n// or:\n\nfn foo<T>(x: T) {} // ok!\n```\n\nAnother case that causes this error is when a type is imported into a parent\nmodule. To fix this, you can follow the suggestion and use File directly or\n`use super::File;` which will import the types from the parent namespace. An\nexample that causes this error is below:\n\n```compile_fail,E0412\nuse std::fs::File;\n\nmod foo {\n    fn some_function(f: File) {}\n}\n```\n\n```\nuse std::fs::File;\n\nmod foo {\n    // either\n    use super::File;\n    // or\n    // use std::fs::File;\n    fn foo(f: File) {}\n}\n# fn main() {} // don't insert it for us; that'll break imports\n```\n"},"level":"error","spans":[{"file_name":"src/model.rs","byte_start":982,"byte_end":991,"line_start":42,"line_end":42,"column_start":11,"column_end":20,"is_primary":true,"text":[{"text":"    b1_1: ConvBlock,","highlight_start":11,"highlight_end":20}],"label":"not found in this scope","suggested_replacement":null,"suggestion_applicability":null,"expansion":null}],"children":[],"rendered":"\u001b[0m\u001b[1m\u001b[38;5;9merror[E0412]\u001b[0m\u001b[0m\u001b[1m: cannot find type `ConvBlock` in this scope\u001b[0m\n\u001b[0m  \u001b[0m\u001b[0m\u001b[1m\u001b[38;5;12m--> \u001b[0m\u001b[0msrc/model.rs:42:11\u001b[0m\n\u001b[0m   \u001b[0m\u001b[0m\u001b[1m\u001b[38;5;12m|\u001b[0m\n\u001b[0m\u001b[1m\u001b[38;5;12m42\u001b[0m\u001b[0m \u001b[0m\u001b[0m\u001b[1m\u001b[38;5;12m|\u001b[0m\u001b[0m \u001b[0m\u001b[0m    b1_1: ConvBlock,\u001b[0m\n\u001b[0m   \u001b[0m\u001b[0m\u001b[1m\u001b[38;5;12m| \u001b[0m\u001b[0m          \u001b[0m\u001b[0m\u001b[1m\u001b[38;5;9m^^^^^^^^^\u001b[0m\u001b[0m \u001b[0m\u001b[0m\u001b[1m\u001b[38;5;9mnot found in this scope\u001b[0m\n\n"}
{"$message_type":"diagnostic","message":"cannot find type `ConvBlock` in this scope","code":{"code":"E0412","explanation":"A used type name is not in scope.\n\nErroneous code examples:\n\n```compile_fail,E0412\nimpl Something {} // error: type name `Something` is not in scope\n\n// or:\n\ntrait Foo {\n    fn bar(N); // error: type name `N` is not in scope\n}\n\n// or:\n\nfn foo(x: T) {} // type name `T` is not in scope\n```\n\nTo fix this error, please verify you didn't misspell the type name, you did\ndeclare it or imported it into the scope. Examples:\n\n```\nstruct Something;\n\nimpl Something {} // ok!\n\n// or:\n\ntrait Foo {\n    type N;\n\n    fn bar(_: Self::N); // ok!\n}\n\n// or:\n\nfn foo<T>(x: T) {} // ok!\n```\n\nAnother case that causes this error is when a type is imported into a parent\nmodule. To fix this, you can follow the suggestion and use File directly or\n`use super::File;` which will import the types from the parent namespace. An\nexample that causes this error is below:\n\n```compile_fail,E0412\nuse std::fs::File;\n\nmod foo {\n    fn some_function(f: File) {}\n}\n```\n\n```\nuse std::fs::File;\n\nmod foo {\n    // either\n    use super::File;\n    // or\n    // use std::fs::File;\n    fn foo(f: File) {}\n}\n# fn main() {} // don't insert it for us; that'll break imports\n```\n"},"level":"error","spans":[{"file_name":"src/model.rs","byte_start":1018,"byte_end":1027,"line_start":44,"line_end":44,"column_start":11,"column_end":20,"is_primary":true,"text":[{"text":"    b2_1: ConvBlock,","highlight_start":11,"highlight_end":20}],"label":"not found in this scope","suggested_replacement":null,"suggestion_applicability":null,"expansion":null}],"children":[],"rendered":"\u001b[0m\u001b[1m\u001b[38;5;9merror[E0412]\u001b[0m\u001b[0m\u001b[1m: cannot find type `ConvBlock` in this scope\u001b[0m\n\u001b[0m  \u001b[0m\u001b[0m\u001b[1m\u001b[38;5;12m--> \u001b[0m\u001b[0msrc/model.rs:44:11\u001b[0m\n\u001b[0m   \u001b[0m\u001b[0m\u001b[1m\u001b[38;5;12m|\u001b[0m\n\u001b[0m\u001b[1m\u001b[38;5;12m44\u001b[0m\u001b[0m \u001b[0m\u001b[0m\u001b[1m\u001b[38;5;12m|\u001b[0m\u001b[0m \u001b[0m\u001b[0m    b2_1: ConvBlock,\u001b[0m\n\u001b[0m   \u001b[0m\u001b[0m\u001b[1m\u001b[38;5;12m| \u001b[0m\u001b[0m          \u001b[0m\u001b[0m\u001b[1m\u001b[38;5;9m^^^^^^^^^\u001b[0m\u001b[0m \u001b[0m\u001b[0m\u001b[1m\u001b[38;5;9mnot found in this scope\u001b[0m\n\n"}
{"$message_type":"diagnostic","message":"cannot find type `ConvBlock` in this scope","code":{"code":"E0412","explanation":"A used type name is not in scope.\n\nErroneous code examples:\n\n```compile_fail,E0412\nimpl Something {} // error: type name `Something` is not in scope\n\n// or:\n\ntrait Foo {\n    fn bar(N); // error: type name `N` is not in scope\n}\n\n// or:\n\nfn foo(x: T) {} // type name `T` is not in scope\n```\n\nTo fix this error, please verify you didn't misspell the type name, you did\ndeclare it or imported it into the scope. Examples:\n\n```\nstruct Something;\n\nimpl Something {} // ok!\n\n// or:\n\ntrait Foo {\n    type N;\n\n    fn bar(_: Self::N); // ok!\n}\n\n// or:\n\nfn foo<T>(x: T) {} // ok!\n```\n\nAnother case that causes this error is when a type is imported into a parent\nmodule. To fix this, you can follow the suggestion and use File directly or\n`use super::File;` which will import the types from the parent namespace. An\nexample that causes this error is below:\n\n```compile_fail,E0412\nuse std::fs::File;\n\nmod foo {\n    fn some_function(f: File) {}\n}\n```\n\n```\nuse std::fs::File;\n\nmod foo {\n    // either\n    use super::File;\n    // or\n    // use std::fs::File;\n    fn foo(f: File) {}\n}\n# fn main() {} // don't insert it for us; that'll break imports\n```\n"},"level":"error","spans":[{"file_name":"src/model.rs","byte_start":1054,"byte_end":1063,"line_start":46,"line_end":46,"column_start":11,"column_end":20,"is_primary":true,"text":[{"text":"    b3_0: ConvBlock,","highlight_start":11,"highlight_end":20}],"label":"not found in this scope","suggested_replacement":null,"suggestion_applicability":null,"expansion":null}],"children":[],"rendered":"\u001b[0m\u001b[1m\u001b[38;5;9merror[E0412]\u001b[0m\u001b[0m\u001b[1m: cannot find type `ConvBlock` in this scope\u001b[0m\n\u001b[0m  \u001b[0m\u001b[0m\u001b[1m\u001b[38;5;12m--> \u001b[0m\u001b[0msrc/model.rs:46:11\u001b[0m\n\u001b[0m   \u001b[0m\u001b[0m\u001b[1m\u001b[38;5;12m|\u001b[0m\n\u001b[0m\u001b[1m\u001b[38;5;12m46\u001b[0m\u001b[0m \u001b[0m\u001b[0m\u001b[1m\u001b[38;5;12m|\u001b[0m\u001b[0m \u001b[0m\u001b[0m    b3_0: ConvBlock,\u001b[0m\n\u001b[0m   \u001b[0m\u001b[0m\u001b[1m\u001b[38;5;12m| \u001b[0m\u001b[0m          \u001b[0m\u001b[0m\u001b[1m\u001b[38;5;9m^^^^^^^^^\u001b[0m\u001b[0m \u001b[0m\u001b[0m\u001b[1m\u001b[38;5;9mnot found in this scope\u001b[0m\n\n"}
{"$message_type":"diagnostic","message":"cannot find type `ConvBlock` in this scope","code":{"code":"E0412","explanation":"A used type name is not in scope.\n\nErroneous code examples:\n\n```compile_fail,E0412\nimpl Something {} // error: type name `Something` is not in scope\n\n// or:\n\ntrait Foo {\n    fn bar(N); // error: type name `N` is not in scope\n}\n\n// or:\n\nfn foo(x: T) {} // type name `T` is not in scope\n```\n\nTo fix this error, please verify you didn't misspell the type name, you did\ndeclare it or imported it into the scope. Examples:\n\n```\nstruct Something;\n\nimpl Something {} // ok!\n\n// or:\n\ntrait Foo {\n    type N;\n\n    fn bar(_: Self::N); // ok!\n}\n\n// or:\n\nfn foo<T>(x: T) {} // ok!\n```\n\nAnother case that causes this error is when a type is imported into a parent\nmodule. To fix this, you can follow the suggestion and use File directly or\n`use super::File;` which will import the types from the parent namespace. An\nexample that causes this error is below:\n\n```compile_fail,E0412\nuse std::fs::File;\n\nmod foo {\n    fn some_function(f: File) {}\n}\n```\n\n```\nuse std::fs::File;\n\nmod foo {\n    // either\n    use super::File;\n    // or\n    // use std::fs::File;\n    fn foo(f: File) {}\n}\n# fn main() {} // don't insert it for us; that'll break imports\n```\n"},"level":"error","spans":[{"file_name":"src/model.rs","byte_start":1090,"byte_end":1099,"line_start":48,"line_end":48,"column_start":11,"column_end":20,"is_primary":true,"text":[{"text":"    b4_0: ConvBlock,","highlight_start":11,"highlight_end":20}],"label":"not found in this scope","suggested_replacement":null,"suggestion_applicability":null,"expansion":null}],"children":[],"rendered":"\u001b[0m\u001b[1m\u001b[38;5;9merror[E0412]\u001b[0m\u001b[0m\u001b[1m: cannot find type `ConvBlock` in this scope\u001b[0m\n\u001b[0m  \u001b[0m\u001b[0m\u001b[1m\u001b[38;5;12m--> \u001b[0m\u001b[0msrc/model.rs:48:11\u001b[0m\n\u001b[0m   \u001b[0m\u001b[0m\u001b[1m\u001b[38;5;12m|\u001b[0m\n\u001b[0m\u001b[1m\u001b[38;5;12m48\u001b[0m\u001b[0m \u001b[0m\u001b[0m\u001b[1m\u001b[38;5;12m|\u001b[0m\u001b[0m \u001b[0m\u001b[0m    b4_0: ConvBlock,\u001b[0m\n\u001b[0m   \u001b[0m\u001b[0m\u001b[1m\u001b[38;5;12m| \u001b[0m\u001b[0m          \u001b[0m\u001b[0m\u001b[1m\u001b[38;5;9m^^^^^^^^^\u001b[0m\u001b[0m \u001b[0m\u001b[0m\u001b[1m\u001b[38;5;9mnot found in this scope\u001b[0m\n\n"}
{"$message_type":"diagnostic","message":"cannot find type `ConvBlock` in this scope","code":{"code":"E0412","explanation":"A used type name is not in scope.\n\nErroneous code examples:\n\n```compile_fail,E0412\nimpl Something {} // error: type name `Something` is not in scope\n\n// or:\n\ntrait Foo {\n    fn bar(N); // error: type name `N` is not in scope\n}\n\n// or:\n\nfn foo(x: T) {} // type name `T` is not in scope\n```\n\nTo fix this error, please verify you didn't misspell the type name, you did\ndeclare it or imported it into the scope. Examples:\n\n```\nstruct Something;\n\nimpl Something {} // ok!\n\n// or:\n\ntrait Foo {\n    type N;\n\n    fn bar(_: Self::N); // ok!\n}\n\n// or:\n\nfn foo<T>(x: T) {} // ok!\n```\n\nAnother case that causes this error is when a type is imported into a parent\nmodule. To fix this, you can follow the suggestion and use File directly or\n`use super::File;` which will import the types from the parent namespace. An\nexample that causes this error is below:\n\n```compile_fail,E0412\nuse std::fs::File;\n\nmod foo {\n    fn some_function(f: File) {}\n}\n```\n\n```\nuse std::fs::File;\n\nmod foo {\n    // either\n    use super::File;\n    // or\n    // use std::fs::File;\n    fn foo(f: File) {}\n}\n# fn main() {} // don't insert it for us; that'll break imports\n```\n"},"level":"error","spans":[{"file_name":"src/model.rs","byte_start":1185,"byte_end":1194,"line_start":56,"line_end":56,"column_start":9,"column_end":18,"is_primary":true,"text":[{"text":"    n3: ConvBlock,","highlight_start":9,"highlight_end":18}],"label":"not found in this scope","suggested_replacement":null,"suggestion_applicability":null,"expansion":null}],"children":[],"rendered":"\u001b[0m\u001b[1m\u001b[38;5;9merror[E0412]\u001b[0m\u001b[0m\u001b[1m: cannot find type `ConvBlock` in this scope\u001b[0m\n\u001b[0m  \u001b[0m\u001b[0m\u001b[1m\u001b[38;5;12m--> \u001b[0m\u001b[0msrc/model.rs:56:9\u001b[0m\n\u001b[0m   \u001b[0m\u001b[0m\u001b[1m\u001b[38;5;12m|\u001b[0m\n\u001b[0m\u001b[1m\u001b[38;5;12m56\u001b[0m\u001b[0m \u001b[0m\u001b[0m\u001b[1m\u001b[38;5;12m|\u001b[0m\u001b[0m \u001b[0m\u001b[0m    n3: ConvBlock,\u001b[0m\n\u001b[0m   \u001b[0m\u001b[0m\u001b[1m\u001b[38;5;12m| \u001b[0m\u001b[0m        \u001b[0m\u001b[0m\u001b[1m\u001b[38;5;9m^^^^^^^^^\u001b[0m\u001b[0m \u001b[0m\u001b[0m\u001b[1m\u001b[38;5;9mnot found in this scope\u001b[0m\n\n"}
{"$message_type":"diagnostic","message":"cannot find type `ConvBlock` in this scope","code":{"code":"E0412","explanation":"A used type name is not in scope.\n\nErroneous code examples:\n\n```compile_fail,E0412\nimpl Something {} // error: type name `Something` is not in scope\n\n// or:\n\ntrait Foo {\n    fn bar(N); // error: type name `N` is not in scope\n}\n\n// or:\n\nfn foo(x: T) {} // type name `T` is not in scope\n```\n\nTo fix this error, please verify you didn't misspell the type name, you did\ndeclare it or imported it into the scope. Examples:\n\n```\nstruct Something;\n\nimpl Something {} // ok!\n\n// or:\n\ntrait Foo {\n    type N;\n\n    fn bar(_: Self::N); // ok!\n}\n\n// or:\n\nfn foo<T>(x: T) {} // ok!\n```\n\nAnother case that causes this error is when a type is imported into a parent\nmodule. To fix this, you can follow the suggestion and use File directly or\n`use super::File;` which will import the types from the parent namespace. An\nexample that causes this error is below:\n\n```compile_fail,E0412\nuse std::fs::File;\n\nmod foo {\n    fn some_function(f: File) {}\n}\n```\n\n```\nuse std::fs::File;\n\nmod foo {\n    // either\n    use super::File;\n    // or\n    // use std::fs::File;\n    fn foo(f: File) {}\n}\n# fn main() {} // don't insert it for us; that'll break imports\n```\n"},"level":"error","spans":[{"file_name":"src/model.rs","byte_start":1217,"byte_end":1226,"line_start":58,"line_end":58,"column_start":9,"column_end":18,"is_primary":true,"text":[{"text":"    n5: ConvBlock,","highlight_start":9,"highlight_end":18}],"label":"not found in this scope","suggested_replacement":null,"suggestion_applicability":null,"expansion":null}],"children":[],"rendered":"\u001b[0m\u001b[1m\u001b[38;5;9merror[E0412]\u001b[0m\u001b[0m\u001b[1m: cannot find type `ConvBlock` in this scope\u001b[0m\n\u001b[0m  \u001b[0m\u001b[0m\u001b[1m\u001b[38;5;12m--> \u001b[0m\u001b[0msrc/model.rs:58:9\u001b[0m\n\u001b[0m   \u001b[0m\u001b[0m\u001b[1m\u001b[38;5;12m|\u001b[0m\n\u001b[0m\u001b[1m\u001b[38;5;12m58\u001b[0m\u001b[0m \u001b[0m\u001b[0m\u001b[1m\u001b[38;5;12m|\u001b[0m\u001b[0m \u001b[0m\u001b[0m    n5: ConvBlock,\u001b[0m\n\u001b[0m   \u001b[0m\u001b[0m\u001b[1m\u001b[38;5;12m| \u001b[0m\u001b[0m        \u001b[0m\u001b[0m\u001b[1m\u001b[38;5;9m^^^^^^^^^\u001b[0m\u001b[0m \u001b[0m\u001b[0m\u001b[1m\u001b[38;5;9mnot found in this scope\u001b[0m\n\n"}
{"$message_type":"diagnostic","message":"cannot find type `ConvBlock` in this scope","code":{"code":"E0412","explanation":"A used type name is not in scope.\n\nErroneous code examples:\n\n```compile_fail,E0412\nimpl Something {} // error: type name `Something` is not in scope\n\n// or:\n\ntrait Foo {\n    fn bar(N); // error: type name `N` is not in scope\n}\n\n// or:\n\nfn foo(x: T) {} // type name `T` is not in scope\n```\n\nTo fix this error, please verify you didn't misspell the type name, you did\ndeclare it or imported it into the scope. Examples:\n\n```\nstruct Something;\n\nimpl Something {} // ok!\n\n// or:\n\ntrait Foo {\n    type N;\n\n    fn bar(_: Self::N); // ok!\n}\n\n// or:\n\nfn foo<T>(x: T) {} // ok!\n```\n\nAnother case that causes this error is when a type is imported into a parent\nmodule. To fix this, you can follow the suggestion and use File directly or\n`use super::File;` which will import the types from the parent namespace. An\nexample that causes this error is below:\n\n```compile_fail,E0412\nuse std::fs::File;\n\nmod foo {\n    fn some_function(f: File) {}\n}\n```\n\n```\nuse std::fs::File;\n\nmod foo {\n    // either\n    use super::File;\n    // or\n    // use std::fs::File;\n    fn foo(f: File) {}\n}\n# fn main() {} // don't insert it for us; that'll break imports\n```\n"},"level":"error","spans":[{"file_name":"src/model.rs","byte_start":1292,"byte_end":1301,"line_start":64,"line_end":64,"column_start":12,"column_end":21,"is_primary":true,"text":[{"text":"    cv2: [(ConvBlock, ConvBlock, Conv2D); 3],","highlight_start":12,"highlight_end":21}],"label":"not found in this scope","suggested_replacement":null,"suggestion_applicability":null,"expansion":null}],"children":[],"rendered":"\u001b[0m\u001b[1m\u001b[38;5;9merror[E0412]\u001b[0m\u001b[0m\u001b[1m: cannot find type `ConvBlock` in this scope\u001b[0m\n\u001b[0m  \u001b[0m\u001b[0m\u001b[1m\u001b[38;5;12m--> \u001b[0m\u001b[0msrc/model.rs:64:12\u001b[0m\n\u001b[0m   \u001b[0m\u001b[0m\u001b[1m\u001b[38;5;12m|\u001b[0m\n\u001b[0m\u001b[1m\u001b[38;5;12m64\u001b[0m\u001b[0m \u001b[0m\u001b[0m\u001b[1m\u001b[38;5;12m|\u001b[0m\u001b[0m \u001b[0m\u001b[0m    cv2: [(ConvBlock, ConvBlock, Conv2D); 3],\u001b[0m\n\u001b[0m   \u001b[0m\u001b[0m\u001b[1m\u001b[38;5;12m| \u001b[0m\u001b[0m           \u001b[0m\u001b[0m\u001b[1m\u001b[38;5;9m^^^^^^^^^\u001b[0m\u001b[0m \u001b[0m\u001b[0m\u001b[1m\u001b[38;5;9mnot found in this scope\u001b[0m\n\n"}
{"$message_type":"diagnostic","message":"cannot find type `ConvBlock` in this scope","code":{"code":"E0412","explanation":"A used type name is not in scope.\n\nErroneous code examples:\n\n```compile_fail,E0412\nimpl Something {} // error: type name `Something` is not in scope\n\n// or:\n\ntrait Foo {\n    fn bar(N); // error: type name `N` is not in scope\n}\n\n// or:\n\nfn foo(x: T) {} // type name `T` is not in scope\n```\n\nTo fix this error, please verify you didn't misspell the type name, you did\ndeclare it or imported it into the scope. Examples:\n\n```\nstruct Something;\n\nimpl Something {} // ok!\n\n// or:\n\ntrait Foo {\n    type N;\n\n    fn bar(_: Self::N); // ok!\n}\n\n// or:\n\nfn foo<T>(x: T) {} // ok!\n```\n\nAnother case that causes this error is when a type is imported into a parent\nmodule. To fix this, you can follow the suggestion and use File directly or\n`use super::File;` which will import the types from the parent namespace. An\nexample that causes this error is below:\n\n```compile_fail,E0412\nuse std::fs::File;\n\nmod foo {\n    fn some_function(f: File) {}\n}\n```\n\n```\nuse std::fs::File;\n\nmod foo {\n    // either\n    use super::File;\n    // or\n    // use std::fs::File;\n    fn foo(f: File) {}\n}\n# fn main() {} // don't insert it for us; that'll break imports\n```\n"},"level":"error","spans":[{"file_name":"src/model.rs","byte_start":1303,"byte_end":1312,"line_start":64,"line_end":64,"column_start":23,"column_end":32,"is_primary":true,"text":[{"text":"    cv2: [(ConvBlock, ConvBlock, Conv2D); 3],","highlight_start":23,"highlight_end":32}],"label":"not found in this scope","suggested_replacement":null,"suggestion_applicability":null,"expansion":null}],"children":[],"rendered":"\u001b[0m\u001b[1m\u001b[38;5;9merror[E0412]\u001b[0m\u001b[0m\u001b[1m: cannot find type `ConvBlock` in this scope\u001b[0m\n\u001b[0m  \u001b[0m\u001b[0m\u001b[1m\u001b[38;5;12m--> \u001b[0m\u001b[0msrc/model.rs:64:23\u001b[0m\n\u001b[0m   \u001b[0m\u001b[0m\u001b[1m\u001b[38;5;12m|\u001b[0m\n\u001b[0m\u001b[1m\u001b[38;5;12m64\u001b[0m\u001b[0m \u001b[0m\u001b[0m\u001b[1m\u001b[38;5;12m|\u001b[0m\u001b[0m \u001b[0m\u001b[0m    cv2: [(ConvBlock, ConvBlock, Conv2D); 3],\u001b[0m\n\u001b[0m   \u001b[0m\u001b[0m\u001b[1m\u001b[38;5;12m| \u001b[0m\u001b[0m                      \u001b[0m\u001b[0m\u001b[1m\u001b[38;5;9m^^^^^^^^^\u001b[0m\u001b[0m \u001b[0m\u001b[0m\u001b[1m\u001b[38;5;9mnot found in this scope\u001b[0m\n\n"}
{"$message_type":"diagnostic","message":"cannot find type `ConvBlock` in this scope","code":{"code":"E0412","explanation":"A used type name is not in scope.\n\nErroneous code examples:\n\n```compile_fail,E0412\nimpl Something {} // error: type name `Something` is not in scope\n\n// or:\n\ntrait Foo {\n    fn bar(N); // error: type name `N` is not in scope\n}\n\n// or:\n\nfn foo(x: T) {} // type name `T` is not in scope\n```\n\nTo fix this error, please verify you didn't misspell the type name, you did\ndeclare it or imported it into the scope. Examples:\n\n```\nstruct Something;\n\nimpl Something {} // ok!\n\n// or:\n\ntrait Foo {\n    type N;\n\n    fn bar(_: Self::N); // ok!\n}\n\n// or:\n\nfn foo<T>(x: T) {} // ok!\n```\n\nAnother case that causes this error is when a type is imported into a parent\nmodule. To fix this, you can follow the suggestion and use File directly or\n`use super::File;` which will import the types from the parent namespace. An\nexample that causes this error is below:\n\n```compile_fail,E0412\nuse std::fs::File;\n\nmod foo {\n    fn some_function(f: File) {}\n}\n```\n\n```\nuse std::fs::File;\n\nmod foo {\n    // either\n    use super::File;\n    // or\n    // use std::fs::File;\n    fn foo(f: File) {}\n}\n# fn main() {} // don't insert it for us; that'll break imports\n```\n"},"level":"error","spans":[{"file_name":"src/model.rs","byte_start":1338,"byte_end":1347,"line_start":65,"line_end":65,"column_start":12,"column_end":21,"is_primary":true,"text":[{"text":"    cv3: [(ConvBlock, ConvBlock, Conv2D); 3],","highlight_start":12,"highlight_end":21}],"label":"not found in this scope","suggested_replacement":null,"suggestion_applicability":null,"expansion":null}],"children":[],"rendered":"\u001b[0m\u001b[1m\u001b[38;5;9merror[E0412]\u001b[0m\u001b[0m\u001b[1m: cannot find type `ConvBlock` in this scope\u001b[0m\n\u001b[0m  \u001b[0m\u001b[0m\u001b[1m\u001b[38;5;12m--> \u001b[0m\u001b[0msrc/model.rs:65:12\u001b[0m\n\u001b[0m   \u001b[0m\u001b[0m\u001b[1m\u001b[38;5;12m|\u001b[0m\n\u001b[0m\u001b[1m\u001b[38;5;12m65\u001b[0m\u001b[0m \u001b[0m\u001b[0m\u001b[1m\u001b[38;5;12m|\u001b[0m\u001b[0m \u001b[0m\u001b[0m    cv3: [(ConvBlock, ConvBlock, Conv2D); 3],\u001b[0m\n\u001b[0m   \u001b[0m\u001b[0m\u001b[1m\u001b[38;5;12m| \u001b[0m\u001b[0m           \u001b[0m\u001b[0m\u001b[1m\u001b[38;5;9m^^^^^^^^^\u001b[0m\u001b[0m \u001b[0m\u001b[0m\u001b[1m\u001b[38;5;9mnot found in this scope\u001b[0m\n\n"}
{"$message_type":"diagnostic","message":"cannot find type `ConvBlock` in this scope","code":{"code":"E0412","explanation":"A used type name is not in scope.\n\nErroneous code examples:\n\n```compile_fail,E0412\nimpl Something {} // error: type name `Something` is not in scope\n\n// or:\n\ntrait Foo {\n    fn bar(N); // error: type name `N` is not in scope\n}\n\n// or:\n\nfn foo(x: T) {} // type name `T` is not in scope\n```\n\nTo fix this error, please verify you didn't misspell the type name, you did\ndeclare it or imported it into the scope. Examples:\n\n```\nstruct Something;\n\nimpl Something {} // ok!\n\n// or:\n\ntrait Foo {\n    type N;\n\n    fn bar(_: Self::N); // ok!\n}\n\n// or:\n\nfn foo<T>(x: T) {} // ok!\n```\n\nAnother case that causes this error is when a type is imported into a parent\nmodule. To fix this, you can follow the suggestion and use File directly or\n`use super::File;` which will import the types from the parent namespace. An\nexample that causes this error is below:\n\n```compile_fail,E0412\nuse std::fs::File;\n\nmod foo {\n    fn some_function(f: File) {}\n}\n```\n\n```\nuse std::fs::File;\n\nmod foo {\n    // either\n    use super::File;\n    // or\n    // use std::fs::File;\n    fn foo(f: File) {}\n}\n# fn main() {} // don't insert it for us; that'll break imports\n```\n"},"level":"error","spans":[{"file_name":"src/model.rs","byte_start":1349,"byte_end":1358,"line_start":65,"line_end":65,"column_start":23,"column_end":32,"is_primary":true,"text":[{"text":"    cv3: [(ConvBlock, ConvBlock, Conv2D); 3],","highlight_start":23,"highlight_end":32}],"label":"not found in this scope","suggested_replacement":null,"suggestion_applicability":null,"expansion":null}],"children":[],"rendered":"\u001b[0m\u001b[1m\u001b[38;5;9merror[E0412]\u001b[0m\u001b[0m\u001b[1m: cannot find type `ConvBlock` in this scope\u001b[0m\n\u001b[0m  \u001b[0m\u001b[0m\u001b[1m\u001b[38;5;12m--> \u001b[0m\u001b[0msrc/model.rs:65:23\u001b[0m\n\u001b[0m   \u001b[0m\u001b[0m\u001b[1m\u001b[38;5;12m|\u001b[0m\n\u001b[0m\u001b[1m\u001b[38;5;12m65\u001b[0m\u001b[0m \u001b[0m\u001b[0m\u001b[1m\u001b[38;5;12m|\u001b[0m\u001b[0m \u001b[0m\u001b[0m    cv3: [(ConvBlock, ConvBlock, Conv2D); 3],\u001b[0m\n\u001b[0m   \u001b[0m\u001b[0m\u001b[1m\u001b[38;5;12m| \u001b[0m\u001b[0m                      \u001b[0m\u001b[0m\u001b[1m\u001b[38;5;9m^^^^^^^^^\u001b[0m\u001b[0m \u001b[0m\u001b[0m\u001b[1m\u001b[38;5;9mnot found in this scope\u001b[0m\n\n"}
{"$message_type":"diagnostic","message":"missing generics for struct `model::Bottleneck`","code":{"code":"E0107","explanation":"An incorrect number of generic arguments was provided.\n\nErroneous code example:\n\n```compile_fail,E0107\nstruct Foo<T> { x: T }\n\nstruct Bar { x: Foo }             // error: wrong number of type arguments:\n                                  //        expected 1, found 0\nstruct Baz<S, T> { x: Foo<S, T> } // error: wrong number of type arguments:\n                                  //        expected 1, found 2\n\nfn foo<T, U>(x: T, y: U) {}\nfn f() {}\n\nfn main() {\n    let x: bool = true;\n    foo::<bool>(x);                 // error: wrong number of type arguments:\n                                    //        expected 2, found 1\n    foo::<bool, i32, i32>(x, 2, 4); // error: wrong number of type arguments:\n                                    //        expected 2, found 3\n    f::<'static>();                 // error: wrong number of lifetime arguments\n                                    //        expected 0, found 1\n}\n```\n\nWhen using/declaring an item with generic arguments, you must provide the exact\nsame number:\n\n```\nstruct Foo<T> { x: T }\n\nstruct Bar<T> { x: Foo<T> }               // ok!\nstruct Baz<S, T> { x: Foo<S>, y: Foo<T> } // ok!\n\nfn foo<T, U>(x: T, y: U) {}\nfn f() {}\n\nfn main() {\n    let x: bool = true;\n    foo::<bool, u32>(x, 12);              // ok!\n    f();                                  // ok!\n}\n```\n"},"level":"error","spans":[{"file_name":"src/model.rs","byte_start":789,"byte_end":799,"line_start":26,"line_end":26,"column_start":21,"column_end":31,"is_primary":true,"text":[{"text":"    bottleneck: Vec<Bottleneck>,","highlight_start":21,"highlight_end":31}],"label":"expected 2 generic arguments","suggested_replacement":null,"suggestion_applicability":null,"expansion":null}],"children":[{"message":"struct defined here, with 2 generic parameters: `CH_IN`, `CH_OUT`","code":null,"level":"note","spans":[{"file_name":"src/model.rs","byte_start":68,"byte_end":86,"line_start":4,"line_end":4,"column_start":19,"column_end":37,"is_primary":false,"text":[{"text":"struct Bottleneck<const CH_IN: usize, const CH_OUT: usize> {","highlight_start":19,"highlight_end":37}],"label":"","suggested_replacement":null,"suggestion_applicability":null,"expansion":null},{"file_name":"src/model.rs","byte_start":88,"byte_end":107,"line_start":4,"line_end":4,"column_start":39,"column_end":58,"is_primary":false,"text":[{"text":"struct Bottleneck<const CH_IN: usize, const CH_OUT: usize> {","highlight_start":39,"highlight_end":58}],"label":"","suggested_replacement":null,"suggestion_applicability":null,"expansion":null},{"file_name":"src/model.rs","byte_start":57,"byte_end":67,"line_start":4,"line_end":4,"column_start":8,"column_end":18,"is_primary":true,"text":[{"text":"struct Bottleneck<const CH_IN: usize, const CH_OUT: usize> {","highlight_start":8,"highlight_end":18}],"label":null,"suggested_replacement":null,"suggestion_applicability":null,"expansion":null}],"children":[],"rendered":null},{"message":"add missing generic arguments","code":null,"level":"help","spans":[{"file_name":"src/model.rs","byte_start":799,"byte_end":799,"line_start":26,"line_end":26,"column_start":31,"column_end":31,"is_primary":true,"text":[{"text":"    bottleneck: Vec<Bottleneck>,","highlight_start":31,"highlight_end":31}],"label":null,"suggested_replacement":"<CH_IN, CH_OUT>","suggestion_applicability":"HasPlaceholders","expansion":null}],"children":[],"rendered":null}],"rendered":"\u001b[0m\u001b[1m\u001b[38;5;9merror[E0107]\u001b[0m\u001b[0m\u001b[1m: missing generics for struct `model::Bottleneck`\u001b[0m\n\u001b[0m  \u001b[0m\u001b[0m\u001b[1m\u001b[38;5;12m--> \u001b[0m\u001b[0msrc/model.rs:26:21\u001b[0m\n\u001b[0m   \u001b[0m\u001b[0m\u001b[1m\u001b[38;5;12m|\u001b[0m\n\u001b[0m\u001b[1m\u001b[38;5;12m26\u001b[0m\u001b[0m \u001b[0m\u001b[0m\u001b[1m\u001b[38;5;12m|\u001b[0m\u001b[0m \u001b[0m\u001b[0m    bottleneck: Vec<Bottleneck>,\u001b[0m\n\u001b[0m   \u001b[0m\u001b[0m\u001b[1m\u001b[38;5;12m| \u001b[0m\u001b[0m                    \u001b[0m\u001b[0m\u001b[1m\u001b[38;5;9m^^^^^^^^^^\u001b[0m\u001b[0m \u001b[0m\u001b[0m\u001b[1m\u001b[38;5;9mexpected 2 generic arguments\u001b[0m\n\u001b[0m   \u001b[0m\u001b[0m\u001b[1m\u001b[38;5;12m|\u001b[0m\n\u001b[0m\u001b[1m\u001b[38;5;10mnote\u001b[0m\u001b[0m: struct defined here, with 2 generic parameters: `CH_IN`, `CH_OUT`\u001b[0m\n\u001b[0m  \u001b[0m\u001b[0m\u001b[1m\u001b[38;5;12m--> \u001b[0m\u001b[0msrc/model.rs:4:8\u001b[0m\n\u001b[0m   \u001b[0m\u001b[0m\u001b[1m\u001b[38;5;12m|\u001b[0m\n\u001b[0m\u001b[1m\u001b[38;5;12m4\u001b[0m\u001b[0m  \u001b[0m\u001b[0m\u001b[1m\u001b[38;5;12m|\u001b[0m\u001b[0m \u001b[0m\u001b[0mstruct Bottleneck<const CH_IN: usize, const CH_OUT: usize> {\u001b[0m\n\u001b[0m   \u001b[0m\u001b[0m\u001b[1m\u001b[38;5;12m| \u001b[0m\u001b[0m       \u001b[0m\u001b[0m\u001b[1m\u001b[38;5;10m^^^^^^^^^^\u001b[0m\u001b[0m \u001b[0m\u001b[0m\u001b[1m\u001b[38;5;12m------------------\u001b[0m\u001b[0m  \u001b[0m\u001b[0m\u001b[1m\u001b[38;5;12m-------------------\u001b[0m\n\u001b[0m\u001b[1m\u001b[38;5;14mhelp\u001b[0m\u001b[0m: add missing generic arguments\u001b[0m\n\u001b[0m   \u001b[0m\u001b[0m\u001b[1m\u001b[38;5;12m|\u001b[0m\n\u001b[0m\u001b[1m\u001b[38;5;12m26\u001b[0m\u001b[0m \u001b[0m\u001b[0m\u001b[1m\u001b[38;5;12m| \u001b[0m\u001b[0m    bottleneck: Vec<Bottleneck\u001b[0m\u001b[0m\u001b[38;5;10m<CH_IN, CH_OUT>\u001b[0m\u001b[0m>,\u001b[0m\n\u001b[0m   \u001b[0m\u001b[0m\u001b[1m\u001b[38;5;12m|\u001b[0m\u001b[0m                               \u001b[0m\u001b[0m\u001b[38;5;10m+++++++++++++++\u001b[0m\n\n"}
{"$message_type":"diagnostic","message":"missing generics for struct `luminal_nn::Conv2D`","code":{"code":"E0107","explanation":"An incorrect number of generic arguments was provided.\n\nErroneous code example:\n\n```compile_fail,E0107\nstruct Foo<T> { x: T }\n\nstruct Bar { x: Foo }             // error: wrong number of type arguments:\n                                  //        expected 1, found 0\nstruct Baz<S, T> { x: Foo<S, T> } // error: wrong number of type arguments:\n                                  //        expected 1, found 2\n\nfn foo<T, U>(x: T, y: U) {}\nfn f() {}\n\nfn main() {\n    let x: bool = true;\n    foo::<bool>(x);                 // error: wrong number of type arguments:\n                                    //        expected 2, found 1\n    foo::<bool, i32, i32>(x, 2, 4); // error: wrong number of type arguments:\n                                    //        expected 2, found 3\n    f::<'static>();                 // error: wrong number of lifetime arguments\n                                    //        expected 0, found 1\n}\n```\n\nWhen using/declaring an item with generic arguments, you must provide the exact\nsame number:\n\n```\nstruct Foo<T> { x: T }\n\nstruct Bar<T> { x: Foo<T> }               // ok!\nstruct Baz<S, T> { x: Foo<S>, y: Foo<T> } // ok!\n\nfn foo<T, U>(x: T, y: U) {}\nfn f() {}\n\nfn main() {\n    let x: bool = true;\n    foo::<bool, u32>(x, 12);              // ok!\n    f();                                  // ok!\n}\n```\n"},"level":"error","spans":[{"file_name":"src/model.rs","byte_start":899,"byte_end":905,"line_start":36,"line_end":36,"column_start":11,"column_end":17,"is_primary":true,"text":[{"text":"    conv: Conv2D,","highlight_start":11,"highlight_end":17}],"label":"expected at least 4 generic arguments","suggested_replacement":null,"suggestion_applicability":null,"expansion":null}],"children":[{"message":"struct defined here, with at least 4 generic parameters: `CH_IN`, `CH_OUT`, `KERNELX`, `KERNELY`","code":null,"level":"note","spans":[{"file_name":"/Users/jafioti/Documents/luminal/crates/luminal_nn/src/convolution.rs","byte_start":5997,"byte_end":6015,"line_start":204,"line_end":204,"column_start":5,"column_end":23,"is_primary":false,"text":[{"text":"    const CH_IN: usize,","highlight_start":5,"highlight_end":23}],"label":"","suggested_replacement":null,"suggestion_applicability":null,"expansion":null},{"file_name":"/Users/jafioti/Documents/luminal/crates/luminal_nn/src/convolution.rs","byte_start":6021,"byte_end":6040,"line_start":205,"line_end":205,"column_start":5,"column_end":24,"is_primary":false,"text":[{"text":"    const CH_OUT: usize,","highlight_start":5,"highlight_end":24}],"label":"","suggested_replacement":null,"suggestion_applicability":null,"expansion":null},{"file_name":"/Users/jafioti/Documents/luminal/crates/luminal_nn/src/convolution.rs","byte_start":6046,"byte_end":6066,"line_start":206,"line_end":206,"column_start":5,"column_end":25,"is_primary":false,"text":[{"text":"    const KERNELX: usize,","highlight_start":5,"highlight_end":25}],"label":"","suggested_replacement":null,"suggestion_applicability":null,"expansion":null},{"file_name":"/Users/jafioti/Documents/luminal/crates/luminal_nn/src/convolution.rs","byte_start":6072,"byte_end":6092,"line_start":207,"line_end":207,"column_start":5,"column_end":25,"is_primary":false,"text":[{"text":"    const KERNELY: usize,","highlight_start":5,"highlight_end":25}],"label":"","suggested_replacement":null,"suggestion_applicability":null,"expansion":null},{"file_name":"/Users/jafioti/Documents/luminal/crates/luminal_nn/src/convolution.rs","byte_start":5985,"byte_end":5991,"line_start":203,"line_end":203,"column_start":12,"column_end":18,"is_primary":true,"text":[{"text":"pub struct Conv2D<","highlight_start":12,"highlight_end":18}],"label":null,"suggested_replacement":null,"suggestion_applicability":null,"expansion":null}],"children":[],"rendered":null},{"message":"add missing generic arguments","code":null,"level":"help","spans":[{"file_name":"src/model.rs","byte_start":905,"byte_end":905,"line_start":36,"line_end":36,"column_start":17,"column_end":17,"is_primary":true,"text":[{"text":"    conv: Conv2D,","highlight_start":17,"highlight_end":17}],"label":null,"suggested_replacement":"<CH_IN, CH_OUT, KERNELX, KERNELY>","suggestion_applicability":"HasPlaceholders","expansion":null}],"children":[],"rendered":null}],"rendered":"\u001b[0m\u001b[1m\u001b[38;5;9merror[E0107]\u001b[0m\u001b[0m\u001b[1m: missing generics for struct `luminal_nn::Conv2D`\u001b[0m\n\u001b[0m   \u001b[0m\u001b[0m\u001b[1m\u001b[38;5;12m--> \u001b[0m\u001b[0msrc/model.rs:36:11\u001b[0m\n\u001b[0m    \u001b[0m\u001b[0m\u001b[1m\u001b[38;5;12m|\u001b[0m\n\u001b[0m\u001b[1m\u001b[38;5;12m36\u001b[0m\u001b[0m  \u001b[0m\u001b[0m\u001b[1m\u001b[38;5;12m|\u001b[0m\u001b[0m \u001b[0m\u001b[0m    conv: Conv2D,\u001b[0m\n\u001b[0m    \u001b[0m\u001b[0m\u001b[1m\u001b[38;5;12m| \u001b[0m\u001b[0m          \u001b[0m\u001b[0m\u001b[1m\u001b[38;5;9m^^^^^^\u001b[0m\u001b[0m \u001b[0m\u001b[0m\u001b[1m\u001b[38;5;9mexpected at least 4 generic arguments\u001b[0m\n\u001b[0m    \u001b[0m\u001b[0m\u001b[1m\u001b[38;5;12m|\u001b[0m\n\u001b[0m\u001b[1m\u001b[38;5;10mnote\u001b[0m\u001b[0m: struct defined here, with at least 4 generic parameters: `CH_IN`, `CH_OUT`, `KERNELX`, `KERNELY`\u001b[0m\n\u001b[0m   \u001b[0m\u001b[0m\u001b[1m\u001b[38;5;12m--> \u001b[0m\u001b[0m/Users/jafioti/Documents/luminal/crates/luminal_nn/src/convolution.rs:203:12\u001b[0m\n\u001b[0m    \u001b[0m\u001b[0m\u001b[1m\u001b[38;5;12m|\u001b[0m\n\u001b[0m\u001b[1m\u001b[38;5;12m203\u001b[0m\u001b[0m \u001b[0m\u001b[0m\u001b[1m\u001b[38;5;12m|\u001b[0m\u001b[0m \u001b[0m\u001b[0mpub struct Conv2D<\u001b[0m\n\u001b[0m    \u001b[0m\u001b[0m\u001b[1m\u001b[38;5;12m| \u001b[0m\u001b[0m           \u001b[0m\u001b[0m\u001b[1m\u001b[38;5;10m^^^^^^\u001b[0m\n\u001b[0m\u001b[1m\u001b[38;5;12m204\u001b[0m\u001b[0m \u001b[0m\u001b[0m\u001b[1m\u001b[38;5;12m|\u001b[0m\u001b[0m \u001b[0m\u001b[0m    const CH_IN: usize,\u001b[0m\n\u001b[0m    \u001b[0m\u001b[0m\u001b[1m\u001b[38;5;12m| \u001b[0m\u001b[0m    \u001b[0m\u001b[0m\u001b[1m\u001b[38;5;12m------------------\u001b[0m\n\u001b[0m\u001b[1m\u001b[38;5;12m205\u001b[0m\u001b[0m \u001b[0m\u001b[0m\u001b[1m\u001b[38;5;12m|\u001b[0m\u001b[0m \u001b[0m\u001b[0m    const CH_OUT: usize,\u001b[0m\n\u001b[0m    \u001b[0m\u001b[0m\u001b[1m\u001b[38;5;12m| \u001b[0m\u001b[0m    \u001b[0m\u001b[0m\u001b[1m\u001b[38;5;12m-------------------\u001b[0m\n\u001b[0m\u001b[1m\u001b[38;5;12m206\u001b[0m\u001b[0m \u001b[0m\u001b[0m\u001b[1m\u001b[38;5;12m|\u001b[0m\u001b[0m \u001b[0m\u001b[0m    const KERNELX: usize,\u001b[0m\n\u001b[0m    \u001b[0m\u001b[0m\u001b[1m\u001b[38;5;12m| \u001b[0m\u001b[0m    \u001b[0m\u001b[0m\u001b[1m\u001b[38;5;12m--------------------\u001b[0m\n\u001b[0m\u001b[1m\u001b[38;5;12m207\u001b[0m\u001b[0m \u001b[0m\u001b[0m\u001b[1m\u001b[38;5;12m|\u001b[0m\u001b[0m \u001b[0m\u001b[0m    const KERNELY: usize,\u001b[0m\n\u001b[0m    \u001b[0m\u001b[0m\u001b[1m\u001b[38;5;12m| \u001b[0m\u001b[0m    \u001b[0m\u001b[0m\u001b[1m\u001b[38;5;12m--------------------\u001b[0m\n\u001b[0m\u001b[1m\u001b[38;5;14mhelp\u001b[0m\u001b[0m: add missing generic arguments\u001b[0m\n\u001b[0m    \u001b[0m\u001b[0m\u001b[1m\u001b[38;5;12m|\u001b[0m\n\u001b[0m\u001b[1m\u001b[38;5;12m36\u001b[0m\u001b[0m  \u001b[0m\u001b[0m\u001b[1m\u001b[38;5;12m| \u001b[0m\u001b[0m    conv: Conv2D\u001b[0m\u001b[0m\u001b[38;5;10m<CH_IN, CH_OUT, KERNELX, KERNELY>\u001b[0m\u001b[0m,\u001b[0m\n\u001b[0m    \u001b[0m\u001b[0m\u001b[1m\u001b[38;5;12m|\u001b[0m\u001b[0m                 \u001b[0m\u001b[0m\u001b[38;5;10m+++++++++++++++++++++++++++++++++\u001b[0m\n\n"}
{"$message_type":"diagnostic","message":"missing generics for struct `luminal_nn::Conv2D`","code":{"code":"E0107","explanation":"An incorrect number of generic arguments was provided.\n\nErroneous code example:\n\n```compile_fail,E0107\nstruct Foo<T> { x: T }\n\nstruct Bar { x: Foo }             // error: wrong number of type arguments:\n                                  //        expected 1, found 0\nstruct Baz<S, T> { x: Foo<S, T> } // error: wrong number of type arguments:\n                                  //        expected 1, found 2\n\nfn foo<T, U>(x: T, y: U) {}\nfn f() {}\n\nfn main() {\n    let x: bool = true;\n    foo::<bool>(x);                 // error: wrong number of type arguments:\n                                    //        expected 2, found 1\n    foo::<bool, i32, i32>(x, 2, 4); // error: wrong number of type arguments:\n                                    //        expected 2, found 3\n    f::<'static>();                 // error: wrong number of lifetime arguments\n                                    //        expected 0, found 1\n}\n```\n\nWhen using/declaring an item with generic arguments, you must provide the exact\nsame number:\n\n```\nstruct Foo<T> { x: T }\n\nstruct Bar<T> { x: Foo<T> }               // ok!\nstruct Baz<S, T> { x: Foo<S>, y: Foo<T> } // ok!\n\nfn foo<T, U>(x: T, y: U) {}\nfn f() {}\n\nfn main() {\n    let x: bool = true;\n    foo::<bool, u32>(x, 12);              // ok!\n    f();                                  // ok!\n}\n```\n"},"level":"error","spans":[{"file_name":"src/model.rs","byte_start":1314,"byte_end":1320,"line_start":64,"line_end":64,"column_start":34,"column_end":40,"is_primary":true,"text":[{"text":"    cv2: [(ConvBlock, ConvBlock, Conv2D); 3],","highlight_start":34,"highlight_end":40}],"label":"expected at least 4 generic arguments","suggested_replacement":null,"suggestion_applicability":null,"expansion":null}],"children":[{"message":"struct defined here, with at least 4 generic parameters: `CH_IN`, `CH_OUT`, `KERNELX`, `KERNELY`","code":null,"level":"note","spans":[{"file_name":"/Users/jafioti/Documents/luminal/crates/luminal_nn/src/convolution.rs","byte_start":5997,"byte_end":6015,"line_start":204,"line_end":204,"column_start":5,"column_end":23,"is_primary":false,"text":[{"text":"    const CH_IN: usize,","highlight_start":5,"highlight_end":23}],"label":"","suggested_replacement":null,"suggestion_applicability":null,"expansion":null},{"file_name":"/Users/jafioti/Documents/luminal/crates/luminal_nn/src/convolution.rs","byte_start":6021,"byte_end":6040,"line_start":205,"line_end":205,"column_start":5,"column_end":24,"is_primary":false,"text":[{"text":"    const CH_OUT: usize,","highlight_start":5,"highlight_end":24}],"label":"","suggested_replacement":null,"suggestion_applicability":null,"expansion":null},{"file_name":"/Users/jafioti/Documents/luminal/crates/luminal_nn/src/convolution.rs","byte_start":6046,"byte_end":6066,"line_start":206,"line_end":206,"column_start":5,"column_end":25,"is_primary":false,"text":[{"text":"    const KERNELX: usize,","highlight_start":5,"highlight_end":25}],"label":"","suggested_replacement":null,"suggestion_applicability":null,"expansion":null},{"file_name":"/Users/jafioti/Documents/luminal/crates/luminal_nn/src/convolution.rs","byte_start":6072,"byte_end":6092,"line_start":207,"line_end":207,"column_start":5,"column_end":25,"is_primary":false,"text":[{"text":"    const KERNELY: usize,","highlight_start":5,"highlight_end":25}],"label":"","suggested_replacement":null,"suggestion_applicability":null,"expansion":null},{"file_name":"/Users/jafioti/Documents/luminal/crates/luminal_nn/src/convolution.rs","byte_start":5985,"byte_end":5991,"line_start":203,"line_end":203,"column_start":12,"column_end":18,"is_primary":true,"text":[{"text":"pub struct Conv2D<","highlight_start":12,"highlight_end":18}],"label":null,"suggested_replacement":null,"suggestion_applicability":null,"expansion":null}],"children":[],"rendered":null},{"message":"add missing generic arguments","code":null,"level":"help","spans":[{"file_name":"src/model.rs","byte_start":1320,"byte_end":1320,"line_start":64,"line_end":64,"column_start":40,"column_end":40,"is_primary":true,"text":[{"text":"    cv2: [(ConvBlock, ConvBlock, Conv2D); 3],","highlight_start":40,"highlight_end":40}],"label":null,"suggested_replacement":"<CH_IN, CH_OUT, KERNELX, KERNELY>","suggestion_applicability":"HasPlaceholders","expansion":null}],"children":[],"rendered":null}],"rendered":"\u001b[0m\u001b[1m\u001b[38;5;9merror[E0107]\u001b[0m\u001b[0m\u001b[1m: missing generics for struct `luminal_nn::Conv2D`\u001b[0m\n\u001b[0m   \u001b[0m\u001b[0m\u001b[1m\u001b[38;5;12m--> \u001b[0m\u001b[0msrc/model.rs:64:34\u001b[0m\n\u001b[0m    \u001b[0m\u001b[0m\u001b[1m\u001b[38;5;12m|\u001b[0m\n\u001b[0m\u001b[1m\u001b[38;5;12m64\u001b[0m\u001b[0m  \u001b[0m\u001b[0m\u001b[1m\u001b[38;5;12m|\u001b[0m\u001b[0m \u001b[0m\u001b[0m    cv2: [(ConvBlock, ConvBlock, Conv2D); 3],\u001b[0m\n\u001b[0m    \u001b[0m\u001b[0m\u001b[1m\u001b[38;5;12m| \u001b[0m\u001b[0m                                 \u001b[0m\u001b[0m\u001b[1m\u001b[38;5;9m^^^^^^\u001b[0m\u001b[0m \u001b[0m\u001b[0m\u001b[1m\u001b[38;5;9mexpected at least 4 generic arguments\u001b[0m\n\u001b[0m    \u001b[0m\u001b[0m\u001b[1m\u001b[38;5;12m|\u001b[0m\n\u001b[0m\u001b[1m\u001b[38;5;10mnote\u001b[0m\u001b[0m: struct defined here, with at least 4 generic parameters: `CH_IN`, `CH_OUT`, `KERNELX`, `KERNELY`\u001b[0m\n\u001b[0m   \u001b[0m\u001b[0m\u001b[1m\u001b[38;5;12m--> \u001b[0m\u001b[0m/Users/jafioti/Documents/luminal/crates/luminal_nn/src/convolution.rs:203:12\u001b[0m\n\u001b[0m    \u001b[0m\u001b[0m\u001b[1m\u001b[38;5;12m|\u001b[0m\n\u001b[0m\u001b[1m\u001b[38;5;12m203\u001b[0m\u001b[0m \u001b[0m\u001b[0m\u001b[1m\u001b[38;5;12m|\u001b[0m\u001b[0m \u001b[0m\u001b[0mpub struct Conv2D<\u001b[0m\n\u001b[0m    \u001b[0m\u001b[0m\u001b[1m\u001b[38;5;12m| \u001b[0m\u001b[0m           \u001b[0m\u001b[0m\u001b[1m\u001b[38;5;10m^^^^^^\u001b[0m\n\u001b[0m\u001b[1m\u001b[38;5;12m204\u001b[0m\u001b[0m \u001b[0m\u001b[0m\u001b[1m\u001b[38;5;12m|\u001b[0m\u001b[0m \u001b[0m\u001b[0m    const CH_IN: usize,\u001b[0m\n\u001b[0m    \u001b[0m\u001b[0m\u001b[1m\u001b[38;5;12m| \u001b[0m\u001b[0m    \u001b[0m\u001b[0m\u001b[1m\u001b[38;5;12m------------------\u001b[0m\n\u001b[0m\u001b[1m\u001b[38;5;12m205\u001b[0m\u001b[0m \u001b[0m\u001b[0m\u001b[1m\u001b[38;5;12m|\u001b[0m\u001b[0m \u001b[0m\u001b[0m    const CH_OUT: usize,\u001b[0m\n\u001b[0m    \u001b[0m\u001b[0m\u001b[1m\u001b[38;5;12m| \u001b[0m\u001b[0m    \u001b[0m\u001b[0m\u001b[1m\u001b[38;5;12m-------------------\u001b[0m\n\u001b[0m\u001b[1m\u001b[38;5;12m206\u001b[0m\u001b[0m \u001b[0m\u001b[0m\u001b[1m\u001b[38;5;12m|\u001b[0m\u001b[0m \u001b[0m\u001b[0m    const KERNELX: usize,\u001b[0m\n\u001b[0m    \u001b[0m\u001b[0m\u001b[1m\u001b[38;5;12m| \u001b[0m\u001b[0m    \u001b[0m\u001b[0m\u001b[1m\u001b[38;5;12m--------------------\u001b[0m\n\u001b[0m\u001b[1m\u001b[38;5;12m207\u001b[0m\u001b[0m \u001b[0m\u001b[0m\u001b[1m\u001b[38;5;12m|\u001b[0m\u001b[0m \u001b[0m\u001b[0m    const KERNELY: usize,\u001b[0m\n\u001b[0m    \u001b[0m\u001b[0m\u001b[1m\u001b[38;5;12m| \u001b[0m\u001b[0m    \u001b[0m\u001b[0m\u001b[1m\u001b[38;5;12m--------------------\u001b[0m\n\u001b[0m\u001b[1m\u001b[38;5;14mhelp\u001b[0m\u001b[0m: add missing generic arguments\u001b[0m\n\u001b[0m    \u001b[0m\u001b[0m\u001b[1m\u001b[38;5;12m|\u001b[0m\n\u001b[0m\u001b[1m\u001b[38;5;12m64\u001b[0m\u001b[0m  \u001b[0m\u001b[0m\u001b[1m\u001b[38;5;12m| \u001b[0m\u001b[0m    cv2: [(ConvBlock, ConvBlock, Conv2D\u001b[0m\u001b[0m\u001b[38;5;10m<CH_IN, CH_OUT, KERNELX, KERNELY>\u001b[0m\u001b[0m); 3],\u001b[0m\n\u001b[0m    \u001b[0m\u001b[0m\u001b[1m\u001b[38;5;12m|\u001b[0m\u001b[0m                                        \u001b[0m\u001b[0m\u001b[38;5;10m+++++++++++++++++++++++++++++++++\u001b[0m\n\n"}
{"$message_type":"diagnostic","message":"missing generics for struct `luminal_nn::Conv2D`","code":{"code":"E0107","explanation":"An incorrect number of generic arguments was provided.\n\nErroneous code example:\n\n```compile_fail,E0107\nstruct Foo<T> { x: T }\n\nstruct Bar { x: Foo }             // error: wrong number of type arguments:\n                                  //        expected 1, found 0\nstruct Baz<S, T> { x: Foo<S, T> } // error: wrong number of type arguments:\n                                  //        expected 1, found 2\n\nfn foo<T, U>(x: T, y: U) {}\nfn f() {}\n\nfn main() {\n    let x: bool = true;\n    foo::<bool>(x);                 // error: wrong number of type arguments:\n                                    //        expected 2, found 1\n    foo::<bool, i32, i32>(x, 2, 4); // error: wrong number of type arguments:\n                                    //        expected 2, found 3\n    f::<'static>();                 // error: wrong number of lifetime arguments\n                                    //        expected 0, found 1\n}\n```\n\nWhen using/declaring an item with generic arguments, you must provide the exact\nsame number:\n\n```\nstruct Foo<T> { x: T }\n\nstruct Bar<T> { x: Foo<T> }               // ok!\nstruct Baz<S, T> { x: Foo<S>, y: Foo<T> } // ok!\n\nfn foo<T, U>(x: T, y: U) {}\nfn f() {}\n\nfn main() {\n    let x: bool = true;\n    foo::<bool, u32>(x, 12);              // ok!\n    f();                                  // ok!\n}\n```\n"},"level":"error","spans":[{"file_name":"src/model.rs","byte_start":1360,"byte_end":1366,"line_start":65,"line_end":65,"column_start":34,"column_end":40,"is_primary":true,"text":[{"text":"    cv3: [(ConvBlock, ConvBlock, Conv2D); 3],","highlight_start":34,"highlight_end":40}],"label":"expected at least 4 generic arguments","suggested_replacement":null,"suggestion_applicability":null,"expansion":null}],"children":[{"message":"struct defined here, with at least 4 generic parameters: `CH_IN`, `CH_OUT`, `KERNELX`, `KERNELY`","code":null,"level":"note","spans":[{"file_name":"/Users/jafioti/Documents/luminal/crates/luminal_nn/src/convolution.rs","byte_start":5997,"byte_end":6015,"line_start":204,"line_end":204,"column_start":5,"column_end":23,"is_primary":false,"text":[{"text":"    const CH_IN: usize,","highlight_start":5,"highlight_end":23}],"label":"","suggested_replacement":null,"suggestion_applicability":null,"expansion":null},{"file_name":"/Users/jafioti/Documents/luminal/crates/luminal_nn/src/convolution.rs","byte_start":6021,"byte_end":6040,"line_start":205,"line_end":205,"column_start":5,"column_end":24,"is_primary":false,"text":[{"text":"    const CH_OUT: usize,","highlight_start":5,"highlight_end":24}],"label":"","suggested_replacement":null,"suggestion_applicability":null,"expansion":null},{"file_name":"/Users/jafioti/Documents/luminal/crates/luminal_nn/src/convolution.rs","byte_start":6046,"byte_end":6066,"line_start":206,"line_end":206,"column_start":5,"column_end":25,"is_primary":false,"text":[{"text":"    const KERNELX: usize,","highlight_start":5,"highlight_end":25}],"label":"","suggested_replacement":null,"suggestion_applicability":null,"expansion":null},{"file_name":"/Users/jafioti/Documents/luminal/crates/luminal_nn/src/convolution.rs","byte_start":6072,"byte_end":6092,"line_start":207,"line_end":207,"column_start":5,"column_end":25,"is_primary":false,"text":[{"text":"    const KERNELY: usize,","highlight_start":5,"highlight_end":25}],"label":"","suggested_replacement":null,"suggestion_applicability":null,"expansion":null},{"file_name":"/Users/jafioti/Documents/luminal/crates/luminal_nn/src/convolution.rs","byte_start":5985,"byte_end":5991,"line_start":203,"line_end":203,"column_start":12,"column_end":18,"is_primary":true,"text":[{"text":"pub struct Conv2D<","highlight_start":12,"highlight_end":18}],"label":null,"suggested_replacement":null,"suggestion_applicability":null,"expansion":null}],"children":[],"rendered":null},{"message":"add missing generic arguments","code":null,"level":"help","spans":[{"file_name":"src/model.rs","byte_start":1366,"byte_end":1366,"line_start":65,"line_end":65,"column_start":40,"column_end":40,"is_primary":true,"text":[{"text":"    cv3: [(ConvBlock, ConvBlock, Conv2D); 3],","highlight_start":40,"highlight_end":40}],"label":null,"suggested_replacement":"<CH_IN, CH_OUT, KERNELX, KERNELY>","suggestion_applicability":"HasPlaceholders","expansion":null}],"children":[],"rendered":null}],"rendered":"\u001b[0m\u001b[1m\u001b[38;5;9merror[E0107]\u001b[0m\u001b[0m\u001b[1m: missing generics for struct `luminal_nn::Conv2D`\u001b[0m\n\u001b[0m   \u001b[0m\u001b[0m\u001b[1m\u001b[38;5;12m--> \u001b[0m\u001b[0msrc/model.rs:65:34\u001b[0m\n\u001b[0m    \u001b[0m\u001b[0m\u001b[1m\u001b[38;5;12m|\u001b[0m\n\u001b[0m\u001b[1m\u001b[38;5;12m65\u001b[0m\u001b[0m  \u001b[0m\u001b[0m\u001b[1m\u001b[38;5;12m|\u001b[0m\u001b[0m \u001b[0m\u001b[0m    cv3: [(ConvBlock, ConvBlock, Conv2D); 3],\u001b[0m\n\u001b[0m    \u001b[0m\u001b[0m\u001b[1m\u001b[38;5;12m| \u001b[0m\u001b[0m                                 \u001b[0m\u001b[0m\u001b[1m\u001b[38;5;9m^^^^^^\u001b[0m\u001b[0m \u001b[0m\u001b[0m\u001b[1m\u001b[38;5;9mexpected at least 4 generic arguments\u001b[0m\n\u001b[0m    \u001b[0m\u001b[0m\u001b[1m\u001b[38;5;12m|\u001b[0m\n\u001b[0m\u001b[1m\u001b[38;5;10mnote\u001b[0m\u001b[0m: struct defined here, with at least 4 generic parameters: `CH_IN`, `CH_OUT`, `KERNELX`, `KERNELY`\u001b[0m\n\u001b[0m   \u001b[0m\u001b[0m\u001b[1m\u001b[38;5;12m--> \u001b[0m\u001b[0m/Users/jafioti/Documents/luminal/crates/luminal_nn/src/convolution.rs:203:12\u001b[0m\n\u001b[0m    \u001b[0m\u001b[0m\u001b[1m\u001b[38;5;12m|\u001b[0m\n\u001b[0m\u001b[1m\u001b[38;5;12m203\u001b[0m\u001b[0m \u001b[0m\u001b[0m\u001b[1m\u001b[38;5;12m|\u001b[0m\u001b[0m \u001b[0m\u001b[0mpub struct Conv2D<\u001b[0m\n\u001b[0m    \u001b[0m\u001b[0m\u001b[1m\u001b[38;5;12m| \u001b[0m\u001b[0m           \u001b[0m\u001b[0m\u001b[1m\u001b[38;5;10m^^^^^^\u001b[0m\n\u001b[0m\u001b[1m\u001b[38;5;12m204\u001b[0m\u001b[0m \u001b[0m\u001b[0m\u001b[1m\u001b[38;5;12m|\u001b[0m\u001b[0m \u001b[0m\u001b[0m    const CH_IN: usize,\u001b[0m\n\u001b[0m    \u001b[0m\u001b[0m\u001b[1m\u001b[38;5;12m| \u001b[0m\u001b[0m    \u001b[0m\u001b[0m\u001b[1m\u001b[38;5;12m------------------\u001b[0m\n\u001b[0m\u001b[1m\u001b[38;5;12m205\u001b[0m\u001b[0m \u001b[0m\u001b[0m\u001b[1m\u001b[38;5;12m|\u001b[0m\u001b[0m \u001b[0m\u001b[0m    const CH_OUT: usize,\u001b[0m\n\u001b[0m    \u001b[0m\u001b[0m\u001b[1m\u001b[38;5;12m| \u001b[0m\u001b[0m    \u001b[0m\u001b[0m\u001b[1m\u001b[38;5;12m-------------------\u001b[0m\n\u001b[0m\u001b[1m\u001b[38;5;12m206\u001b[0m\u001b[0m \u001b[0m\u001b[0m\u001b[1m\u001b[38;5;12m|\u001b[0m\u001b[0m \u001b[0m\u001b[0m    const KERNELX: usize,\u001b[0m\n\u001b[0m    \u001b[0m\u001b[0m\u001b[1m\u001b[38;5;12m| \u001b[0m\u001b[0m    \u001b[0m\u001b[0m\u001b[1m\u001b[38;5;12m--------------------\u001b[0m\n\u001b[0m\u001b[1m\u001b[38;5;12m207\u001b[0m\u001b[0m \u001b[0m\u001b[0m\u001b[1m\u001b[38;5;12m|\u001b[0m\u001b[0m \u001b[0m\u001b[0m    const KERNELY: usize,\u001b[0m\n\u001b[0m    \u001b[0m\u001b[0m\u001b[1m\u001b[38;5;12m| \u001b[0m\u001b[0m    \u001b[0m\u001b[0m\u001b[1m\u001b[38;5;12m--------------------\u001b[0m\n\u001b[0m\u001b[1m\u001b[38;5;14mhelp\u001b[0m\u001b[0m: add missing generic arguments\u001b[0m\n\u001b[0m    \u001b[0m\u001b[0m\u001b[1m\u001b[38;5;12m|\u001b[0m\n\u001b[0m\u001b[1m\u001b[38;5;12m65\u001b[0m\u001b[0m  \u001b[0m\u001b[0m\u001b[1m\u001b[38;5;12m| \u001b[0m\u001b[0m    cv3: [(ConvBlock, ConvBlock, Conv2D\u001b[0m\u001b[0m\u001b[38;5;10m<CH_IN, CH_OUT, KERNELX, KERNELY>\u001b[0m\u001b[0m); 3],\u001b[0m\n\u001b[0m    \u001b[0m\u001b[0m\u001b[1m\u001b[38;5;12m|\u001b[0m\u001b[0m                                        \u001b[0m\u001b[0m\u001b[38;5;10m+++++++++++++++++++++++++++++++++\u001b[0m\n\n"}
{"$message_type":"diagnostic","message":"the const parameter `CLASSIFICATION` is not constrained by the impl trait, self type, or predicates","code":{"code":"E0207","explanation":"A type, const or lifetime parameter that is specified for `impl` is not\nconstrained.\n\nErroneous code example:\n\n```compile_fail,E0207\nstruct Foo;\n\nimpl<T: Default> Foo {\n    // error: the type parameter `T` is not constrained by the impl trait, self\n    // type, or predicates [E0207]\n    fn get(&self) -> T {\n        <T as Default>::default()\n    }\n}\n```\n\nAny type or const parameter of an `impl` must meet at least one of the\nfollowing criteria:\n\n - it appears in the _implementing type_ of the impl, e.g. `impl<T> Foo<T>`\n - for a trait impl, it appears in the _implemented trait_, e.g.\n   `impl<T> SomeTrait<T> for Foo`\n - it is bound as an associated type, e.g. `impl<T, U> SomeTrait for T\n   where T: AnotherTrait<AssocType=U>`\n\nAny unconstrained lifetime parameter of an `impl` is not supported if the\nlifetime parameter is used by an associated type.\n\n### Error example 1\n\nSuppose we have a struct `Foo` and we would like to define some methods for it.\nThe previous code example has a definition which leads to a compiler error:\n\nThe problem is that the parameter `T` does not appear in the implementing type\n(`Foo`) of the impl. In this case, we can fix the error by moving the type\nparameter from the `impl` to the method `get`:\n\n```\nstruct Foo;\n\n// Move the type parameter from the impl to the method\nimpl Foo {\n    fn get<T: Default>(&self) -> T {\n        <T as Default>::default()\n    }\n}\n```\n\n### Error example 2\n\nAs another example, suppose we have a `Maker` trait and want to establish a\ntype `FooMaker` that makes `Foo`s:\n\n```compile_fail,E0207\ntrait Maker {\n    type Item;\n    fn make(&mut self) -> Self::Item;\n}\n\nstruct Foo<T> {\n    foo: T\n}\n\nstruct FooMaker;\n\nimpl<T: Default> Maker for FooMaker {\n// error: the type parameter `T` is not constrained by the impl trait, self\n// type, or predicates [E0207]\n    type Item = Foo<T>;\n\n    fn make(&mut self) -> Foo<T> {\n        Foo { foo: <T as Default>::default() }\n    }\n}\n```\n\nThis fails to compile because `T` does not appear in the trait or in the\nimplementing type.\n\nOne way to work around this is to introduce a phantom type parameter into\n`FooMaker`, like so:\n\n```\nuse std::marker::PhantomData;\n\ntrait Maker {\n    type Item;\n    fn make(&mut self) -> Self::Item;\n}\n\nstruct Foo<T> {\n    foo: T\n}\n\n// Add a type parameter to `FooMaker`\nstruct FooMaker<T> {\n    phantom: PhantomData<T>,\n}\n\nimpl<T: Default> Maker for FooMaker<T> {\n    type Item = Foo<T>;\n\n    fn make(&mut self) -> Foo<T> {\n        Foo {\n            foo: <T as Default>::default(),\n        }\n    }\n}\n```\n\nAnother way is to do away with the associated type in `Maker` and use an input\ntype parameter instead:\n\n```\n// Use a type parameter instead of an associated type here\ntrait Maker<Item> {\n    fn make(&mut self) -> Item;\n}\n\nstruct Foo<T> {\n    foo: T\n}\n\nstruct FooMaker;\n\nimpl<T: Default> Maker<Foo<T>> for FooMaker {\n    fn make(&mut self) -> Foo<T> {\n        Foo { foo: <T as Default>::default() }\n    }\n}\n```\n\n### Error example 3\n\nSuppose we have a struct `Foo` and we would like to define some methods for it.\nThe following code example has a definition which leads to a compiler error:\n\n```compile_fail,E0207\nstruct Foo;\n\nimpl<const T: i32> Foo {\n    // error: the const parameter `T` is not constrained by the impl trait, self\n    // type, or predicates [E0207]\n    fn get(&self) -> i32 {\n        i32::default()\n    }\n}\n```\n\nThe problem is that the const parameter `T` does not appear in the implementing\ntype (`Foo`) of the impl. In this case, we can fix the error by moving the type\nparameter from the `impl` to the method `get`:\n\n\n```\nstruct Foo;\n\n// Move the const parameter from the impl to the method\nimpl Foo {\n    fn get<const T: i32>(&self) -> i32 {\n        i32::default()\n    }\n}\n```\n\n### Error example 4\n\nSuppose we have a struct `Foo` and a struct `Bar` that uses lifetime `'a`. We\nwould like to implement trait `Contains` for `Foo`. The trait `Contains` have\nthe associated type `B`. The following code example has a definition which\nleads to a compiler error:\n\n```compile_fail,E0207\nstruct Foo;\nstruct Bar<'a>;\n\ntrait Contains {\n    type B;\n\n    fn get(&self) -> i32;\n}\n\nimpl<'a> Contains for Foo {\n    type B = Bar<'a>;\n\n    // error: the lifetime parameter `'a` is not constrained by the impl trait,\n    // self type, or predicates [E0207]\n    fn get(&self) -> i32 {\n        i32::default()\n    }\n}\n```\n\nPlease note that unconstrained lifetime parameters are not supported if they are\nbeing used by an associated type.\n\n### Additional information\n\nFor more information, please see [RFC 447].\n\n[RFC 447]: https://github.com/rust-lang/rfcs/blob/master/text/0447-no-unused-impl-parameters.md\n"},"level":"error","spans":[{"file_name":"src/model.rs","byte_start":1534,"byte_end":1561,"line_start":78,"line_end":78,"column_start":9,"column_end":36,"is_primary":true,"text":[{"text":"        const CLASSIFICATION: usize,","highlight_start":9,"highlight_end":36}],"label":"unconstrained const parameter","suggested_replacement":null,"suggestion_applicability":null,"expansion":null}],"children":[{"message":"expressions using a const parameter must map each value to a distinct output value","code":null,"level":"note","spans":[],"children":[],"rendered":null},{"message":"proving the result of expressions other than the parameter are unique is not supported","code":null,"level":"note","spans":[],"children":[],"rendered":null}],"rendered":"\u001b[0m\u001b[1m\u001b[38;5;9merror[E0207]\u001b[0m\u001b[0m\u001b[1m: the const parameter `CLASSIFICATION` is not constrained by the impl trait, self type, or predicates\u001b[0m\n\u001b[0m  \u001b[0m\u001b[0m\u001b[1m\u001b[38;5;12m--> \u001b[0m\u001b[0msrc/model.rs:78:9\u001b[0m\n\u001b[0m   \u001b[0m\u001b[0m\u001b[1m\u001b[38;5;12m|\u001b[0m\n\u001b[0m\u001b[1m\u001b[38;5;12m78\u001b[0m\u001b[0m \u001b[0m\u001b[0m\u001b[1m\u001b[38;5;12m|\u001b[0m\u001b[0m \u001b[0m\u001b[0m        const CLASSIFICATION: usize,\u001b[0m\n\u001b[0m   \u001b[0m\u001b[0m\u001b[1m\u001b[38;5;12m| \u001b[0m\u001b[0m        \u001b[0m\u001b[0m\u001b[1m\u001b[38;5;9m^^^^^^^^^^^^^^^^^^^^^^^^^^^\u001b[0m\u001b[0m \u001b[0m\u001b[0m\u001b[1m\u001b[38;5;9munconstrained const parameter\u001b[0m\n\u001b[0m   \u001b[0m\u001b[0m\u001b[1m\u001b[38;5;12m|\u001b[0m\n\u001b[0m   \u001b[0m\u001b[0m\u001b[1m\u001b[38;5;12m= \u001b[0m\u001b[0m\u001b[1mnote\u001b[0m\u001b[0m: expressions using a const parameter must map each value to a distinct output value\u001b[0m\n\u001b[0m   \u001b[0m\u001b[0m\u001b[1m\u001b[38;5;12m= \u001b[0m\u001b[0m\u001b[1mnote\u001b[0m\u001b[0m: proving the result of expressions other than the parameter are unique is not supported\u001b[0m\n\n"}
{"$message_type":"diagnostic","message":"mismatched types","code":{"code":"E0308","explanation":"Expected type did not match the received type.\n\nErroneous code examples:\n\n```compile_fail,E0308\nfn plus_one(x: i32) -> i32 {\n    x + 1\n}\n\nplus_one(\"Not a number\");\n//       ^^^^^^^^^^^^^^ expected `i32`, found `&str`\n\nif \"Not a bool\" {\n// ^^^^^^^^^^^^ expected `bool`, found `&str`\n}\n\nlet x: f32 = \"Not a float\";\n//     ---   ^^^^^^^^^^^^^ expected `f32`, found `&str`\n//     |\n//     expected due to this\n```\n\nThis error occurs when an expression was used in a place where the compiler\nexpected an expression of a different type. It can occur in several cases, the\nmost common being when calling a function and passing an argument which has a\ndifferent type than the matching type in the function declaration.\n"},"level":"error","spans":[{"file_name":"src/model.rs","byte_start":1848,"byte_end":1860,"line_start":86,"line_end":86,"column_start":87,"column_end":99,"is_primary":true,"text":[{"text":"    fn forward(&self, input: GraphTensor<(Batch, Const<CHANNELS>, Width, Height)>) -> Self::Output {","highlight_start":87,"highlight_end":99}],"label":"expected `GraphTensor<(Batch,)>`, found `()`","suggested_replacement":null,"suggestion_applicability":null,"expansion":null},{"file_name":"src/model.rs","byte_start":1769,"byte_end":1776,"line_start":86,"line_end":86,"column_start":8,"column_end":15,"is_primary":false,"text":[{"text":"    fn forward(&self, input: GraphTensor<(Batch, Const<CHANNELS>, Width, Height)>) -> Self::Output {","highlight_start":8,"highlight_end":15}],"label":"implicitly returns `()` as its body has no tail or `return` expression","suggested_replacement":null,"suggestion_applicability":null,"expansion":null}],"children":[{"message":"expected struct `luminal::graph_tensor::GraphTensor<(Batch,)>`\nfound unit type `()`","code":null,"level":"note","spans":[],"children":[],"rendered":null}],"rendered":"\u001b[0m\u001b[1m\u001b[38;5;9merror[E0308]\u001b[0m\u001b[0m\u001b[1m: mismatched types\u001b[0m\n\u001b[0m  \u001b[0m\u001b[0m\u001b[1m\u001b[38;5;12m--> \u001b[0m\u001b[0msrc/model.rs:86:87\u001b[0m\n\u001b[0m   \u001b[0m\u001b[0m\u001b[1m\u001b[38;5;12m|\u001b[0m\n\u001b[0m\u001b[1m\u001b[38;5;12m86\u001b[0m\u001b[0m \u001b[0m\u001b[0m\u001b[1m\u001b[38;5;12m|\u001b[0m\u001b[0m \u001b[0m\u001b[0m    fn forward(&self, input: GraphTensor<(Batch, Const<CHANNELS>, Width, Height)>) -> Self::Output {\u001b[0m\n\u001b[0m   \u001b[0m\u001b[0m\u001b[1m\u001b[38;5;12m| \u001b[0m\u001b[0m       \u001b[0m\u001b[0m\u001b[1m\u001b[38;5;12m-------\u001b[0m\u001b[0m \u001b[0m\u001b[0m\u001b[1m\u001b[38;5;12mimplicitly returns `()` as its body has no tail or `return` expression\u001b[0m\u001b[0m \u001b[0m\u001b[0m\u001b[1m\u001b[38;5;9m^^^^^^^^^^^^\u001b[0m\u001b[0m \u001b[0m\u001b[0m\u001b[1m\u001b[38;5;9mexpected `GraphTensor<(Batch,)>`, found `()`\u001b[0m\n\u001b[0m   \u001b[0m\u001b[0m\u001b[1m\u001b[38;5;12m|\u001b[0m\n\u001b[0m   \u001b[0m\u001b[0m\u001b[1m\u001b[38;5;12m= \u001b[0m\u001b[0m\u001b[1mnote\u001b[0m\u001b[0m: expected struct `\u001b[0m\u001b[0m\u001b[1m\u001b[35mluminal::graph_tensor::GraphTensor<(Batch,)>\u001b[0m\u001b[0m`\u001b[0m\n\u001b[0m           found unit type `\u001b[0m\u001b[0m\u001b[1m\u001b[35m()\u001b[0m\u001b[0m`\u001b[0m\n\n"}
{"$message_type":"diagnostic","message":"aborting due to 21 previous errors","code":null,"level":"error","spans":[],"children":[],"rendered":"\u001b[0m\u001b[1m\u001b[38;5;9merror\u001b[0m\u001b[0m\u001b[1m: aborting due to 21 previous errors\u001b[0m\n\n"}
{"$message_type":"diagnostic","message":"Some errors have detailed explanations: E0107, E0207, E0308, E0412.","code":null,"level":"failure-note","spans":[],"children":[],"rendered":"\u001b[0m\u001b[1mSome errors have detailed explanations: E0107, E0207, E0308, E0412.\u001b[0m\n"}
{"$message_type":"diagnostic","message":"For more information about an error, try `rustc --explain E0107`.","code":null,"level":"failure-note","spans":[],"children":[],"rendered":"\u001b[0m\u001b[1mFor more information about an error, try `rustc --explain E0107`.\u001b[0m\n"}
